<?xml version="1.0" encoding="UTF-8"?>
<!-- Generated by org.testng.reporters.JUnitXMLReporter -->
<testsuite ignored="2" hostname="LAPTOP-P9PJBISD" failures="0" tests="2" name="Car loan" time="0.012" errors="0" timestamp="2022-09-14T16:41:56 EDT">
  <testcase classname="testPackage.day3" name="LoginAPIcarloan" time="0.002"/>
  <testcase classname="testPackage.day3" name="Weblogin" time="0.002"/>
  <testcase classname="testPackage.day3" name="MobileLogin" time="0.0">
    <ignored/>
  </testcase> <!-- MobileLogin -->
  <testcase classname="testPackage.day3" name="MobilesignInLogin" time="0.0">
    <ignored/>
  </testcase> <!-- MobilesignInLogin -->
</testsuite> <!-- Car loan -->
