<?xml version="1.0" encoding="UTF-8"?>
<!-- Generated by org.testng.reporters.JUnitXMLReporter -->
<testsuite ignored="0" hostname="LAPTOP-P9PJBISD" failures="0" tests="3" name="Car loan" time="0.017" errors="0" timestamp="2022-09-14T11:30:19 EDT">
  <testcase classname="testPackage.day3" name="LoginAPIcarloan" time="0.002"/>
  <testcase classname="testPackage.day3" name="MobileLogin" time="0.002"/>
  <testcase classname="testPackage.day3" name="Weblogin" time="0.002"/>
</testsuite> <!-- Car loan -->
