<?xml version="1.0" encoding="UTF-8"?>
<!-- Generated by org.testng.reporters.JUnitXMLReporter -->
<testsuite ignored="3" hostname="LAPTOP-P9PJBISD" failures="0" tests="3" name="Regression" time="0.061" errors="0" timestamp="2022-09-14T16:59:34 EDT">
  <testcase classname="testPackage.day2" name="New" time="0.008"/>
  <testcase classname="testPackage.day4" name="NewCar" time="0.002"/>
  <testcase classname="testPackage.day3" name="Weblogin" time="0.001"/>
  <testcase classname="testPackage.day3" name="MobileLogin" time="0.0">
    <ignored/>
  </testcase> <!-- MobileLogin -->
  <testcase classname="testPackage.day3" name="MobilesignInLogin" time="0.0">
    <ignored/>
  </testcase> <!-- MobilesignInLogin -->
  <testcase classname="testPackage.day3" name="LoginAPIcarloan" time="0.0">
    <ignored/>
  </testcase> <!-- LoginAPIcarloan -->
</testsuite> <!-- Regression -->
