<?xml version="1.0" encoding="UTF-8"?>
<testng-results ignored="0" total="1" passed="1" failed="0" skipped="0">
  <reporter-output>
  </reporter-output>
  <suite started-at="2022-09-14T10:23:16 EDT" name="Default suite" finished-at="2022-09-14T10:23:16 EDT" duration-ms="198">
    <groups>
    </groups>
    <test started-at="2022-09-14T10:23:16 EDT" name="Default test" finished-at="2022-09-14T10:23:16 EDT" duration-ms="198">
      <class name="testPackage.BasicTestNG">
        <test-method signature="Demo()[pri:0, instance:testPackage.BasicTestNG@38e79ae3]" started-at="2022-09-14T10:23:16 EDT" name="Demo" finished-at="2022-09-14T10:23:16 EDT" duration-ms="67" status="PASS">
          <reporter-output>
          </reporter-output>
        </test-method> <!-- Demo -->
      </class> <!-- testPackage.BasicTestNG -->
    </test> <!-- Default test -->
  </suite> <!-- Default suite -->
</testng-results>
